\BOOKMARK [0][-]{chapter.1}{\376\377\000I\000n\000t\000r\000o\000d\000u\000c\000t\000i\000o\000n}{}% 1
\BOOKMARK [1][-]{section.1.1}{\376\377\000C\000o\000n\000t\000e\000x\000t\000\040\000a\000n\000d\000\040\000M\000o\000t\000i\000v\000a\000t\000i\000o\000n}{chapter.1}% 2
\BOOKMARK [2][-]{subsection.1.1.1}{\376\377\000T\000e\000c\000h\000n\000i\000c\000a\000l\000,\000\040\000S\000o\000c\000i\000a\000l\000,\000\040\000a\000n\000d\000\040\000E\000c\000o\000n\000o\000m\000i\000c\000\040\000I\000m\000p\000e\000r\000a\000t\000i\000v\000e\000s}{section.1.1}% 3
\BOOKMARK [1][-]{section.1.2}{\376\377\000P\000r\000o\000b\000l\000e\000m\000\040\000S\000t\000a\000t\000e\000m\000e\000n\000t}{chapter.1}% 4
\BOOKMARK [1][-]{section.1.3}{\376\377\000R\000e\000s\000e\000a\000r\000c\000h\000\040\000O\000b\000j\000e\000c\000t\000i\000v\000e\000s\000\040\000a\000n\000d\000\040\000Q\000u\000e\000s\000t\000i\000o\000n\000s}{chapter.1}% 5
\BOOKMARK [1][-]{section.1.4}{\376\377\000S\000c\000o\000p\000e\000\040\000a\000n\000d\000\040\000L\000i\000m\000i\000t\000a\000t\000i\000o\000n\000s}{chapter.1}% 6
\BOOKMARK [2][-]{subsection.1.4.1}{\376\377\000F\000o\000c\000u\000s\000\040\000A\000r\000e\000a}{section.1.4}% 7
\BOOKMARK [2][-]{subsection.1.4.2}{\376\377\000S\000y\000s\000t\000e\000m\000\040\000S\000c\000a\000l\000e\000\040\000a\000n\000d\000\040\000C\000o\000n\000s\000t\000r\000a\000i\000n\000t\000s}{section.1.4}% 8
\BOOKMARK [2][-]{subsection.1.4.3}{\376\377\000M\000e\000t\000h\000o\000d\000o\000l\000o\000g\000i\000c\000a\000l\000\040\000L\000i\000m\000i\000t\000a\000t\000i\000o\000n\000s}{section.1.4}% 9
\BOOKMARK [1][-]{section.1.5}{\376\377\000K\000e\000y\000\040\000C\000o\000n\000t\000r\000i\000b\000u\000t\000i\000o\000n\000s}{chapter.1}% 10
\BOOKMARK [1][-]{section.1.6}{\376\377\000T\000h\000e\000s\000i\000s\000\040\000O\000u\000t\000l\000i\000n\000e}{chapter.1}% 11
\BOOKMARK [0][-]{chapter.2}{\376\377\000L\000i\000t\000e\000r\000a\000t\000u\000r\000e\000\040\000R\000e\000v\000i\000e\000w}{}% 12
\BOOKMARK [1][-]{section.2.1}{\376\377\000R\000e\000c\000o\000m\000m\000e\000n\000d\000e\000r\000\040\000S\000y\000s\000t\000e\000m\000s\000\040\000P\000a\000r\000a\000d\000i\000g\000m\000s}{chapter.2}% 13
\BOOKMARK [2][-]{subsection.2.1.1}{\376\377\000F\000i\000l\000t\000e\000r\000i\000n\000g\000\040\000P\000a\000r\000a\000d\000i\000g\000m\000s\000\040\000a\000n\000d\000\040\000A\000l\000g\000o\000r\000i\000t\000h\000m\000i\000c\000\040\000F\000a\000m\000i\000l\000i\000e\000s}{section.2.1}% 14
\BOOKMARK [2][-]{subsection.2.1.2}{\376\377\000E\000x\000p\000l\000i\000c\000i\000t\000\040\000v\000s\000.\000\040\000I\000m\000p\000l\000i\000c\000i\000t\000\040\000F\000e\000e\000d\000b\000a\000c\000k}{section.2.1}% 15
\BOOKMARK [2][-]{subsection.2.1.3}{\376\377\000M\000o\000d\000e\000r\000n\000\040\000A\000p\000p\000r\000o\000a\000c\000h\000e\000s\000\040\000\050\000D\000e\000e\000p\000\040\000L\000e\000a\000r\000n\000i\000n\000g\000\040\000\046\000\040\000G\000r\000a\000p\000h\000s\000\051}{section.2.1}% 16
\BOOKMARK [1][-]{section.2.2}{\376\377\000T\000h\000e\000o\000r\000e\000t\000i\000c\000a\000l\000\040\000F\000o\000u\000n\000d\000a\000t\000i\000o\000n\000s\000\040\000o\000f\000\040\000B\000i\000a\000s}{chapter.2}% 17
\BOOKMARK [2][-]{subsection.2.2.1}{\376\377\000R\000u\000b\000i\000n\000'\000s\000\040\000M\000i\000s\000s\000i\000n\000g\000\040\000D\000a\000t\000a\000\040\000F\000r\000a\000m\000e\000w\000o\000r\000k}{section.2.2}% 18
\BOOKMARK [2][-]{subsection.2.2.2}{\376\377\000I\000n\000v\000e\000r\000s\000e\000\040\000P\000r\000o\000p\000e\000n\000s\000i\000t\000y\000\040\000S\000c\000o\000r\000e\000\040\000\050\000I\000P\000S\000\051\000\040\000M\000e\000t\000h\000o\000d\000s}{section.2.2}% 19
\BOOKMARK [1][-]{section.2.3}{\376\377\000P\000o\000p\000u\000l\000a\000r\000i\000t\000y\000\040\000a\000n\000d\000\040\000E\000x\000p\000o\000s\000u\000r\000e\000\040\000B\000i\000a\000s\000:\000\040\000T\000h\000e\000\040\000B\000i\000a\000s\000\040\000P\000r\000o\000p\000a\000g\000a\000t\000i\000o\000n\000\040\000C\000h\000a\000i\000n}{chapter.2}% 20
\BOOKMARK [1][-]{section.2.4}{\376\377\000U\000s\000e\000r\000-\000C\000e\000n\000t\000r\000i\000c\000\040\000F\000a\000i\000r\000n\000e\000s\000s\000\040\000\046\000\040\000D\000i\000s\000p\000a\000r\000a\000t\000e\000\040\000I\000m\000p\000a\000c\000t}{chapter.2}% 21
\BOOKMARK [2][-]{subsection.2.4.1}{\376\377\000T\000h\000e\000\040\000A\000c\000c\000u\000r\000a\000c\000y\000-\000F\000a\000i\000r\000n\000e\000s\000s\000\040\000T\000e\000n\000s\000i\000o\000n}{section.2.4}% 22
\BOOKMARK [1][-]{section.2.5}{\376\377\000T\000e\000m\000p\000o\000r\000a\000l\000\040\000D\000y\000n\000a\000m\000i\000c\000s\000\040\000\046\000\040\000F\000e\000e\000d\000b\000a\000c\000k\000\040\000L\000o\000o\000p\000s}{chapter.2}% 23
\BOOKMARK [1][-]{section.2.6}{\376\377\000M\000i\000t\000i\000g\000a\000t\000i\000o\000n\000\040\000S\000t\000r\000a\000t\000e\000g\000i\000e\000s\000:\000\040\000A\000\040\000M\000e\000t\000h\000o\000d\000o\000l\000o\000g\000i\000c\000a\000l\000\040\000S\000u\000r\000v\000e\000y}{chapter.2}% 24
\BOOKMARK [1][-]{section.2.7}{\376\377\000T\000h\000e\000\040\000R\000e\000s\000e\000a\000r\000c\000h\000\040\000G\000a\000p}{chapter.2}% 25
\BOOKMARK [0][-]{chapter.3}{\376\377\000M\000e\000t\000h\000o\000d\000o\000l\000o\000g\000y\000\040\000a\000n\000d\000\040\000E\000x\000p\000e\000r\000i\000m\000e\000n\000t\000a\000l\000\040\000F\000r\000a\000m\000e\000w\000o\000r\000k}{}% 26
\BOOKMARK [1][-]{section.3.1}{\376\377\000R\000e\000s\000e\000a\000r\000c\000h\000\040\000D\000e\000s\000i\000g\000n\000\040\000O\000v\000e\000r\000v\000i\000e\000w}{chapter.3}% 27
\BOOKMARK [1][-]{section.3.2}{\376\377\000D\000a\000t\000a\000s\000e\000t\000s\000\040\000a\000n\000d\000\040\000D\000o\000m\000a\000i\000n\000s}{chapter.3}% 28
\BOOKMARK [1][-]{section.3.3}{\376\377\000D\000a\000t\000a\000\040\000P\000r\000e\000p\000r\000o\000c\000e\000s\000s\000i\000n\000g}{chapter.3}% 29
\BOOKMARK [1][-]{section.3.4}{\376\377\000E\000t\000h\000i\000c\000s\000\040\000a\000n\000d\000\040\000D\000a\000t\000a\000\040\000U\000s\000e}{chapter.3}% 30
\BOOKMARK [1][-]{section.3.5}{\376\377\000A\000l\000g\000o\000r\000i\000t\000h\000m\000i\000c\000\040\000B\000a\000s\000e\000l\000i\000n\000e\000s\000\040\000\046\000\040\000C\000o\000n\000s\000t\000r\000a\000i\000n\000t\000s}{chapter.3}% 31
\BOOKMARK [1][-]{section.3.6}{\376\377\000E\000v\000a\000l\000u\000a\000t\000i\000o\000n\000\040\000M\000e\000t\000r\000i\000c\000s\000\040\000F\000o\000r\000m\000u\000l\000a\000t\000i\000o\000n\000s}{chapter.3}% 32
\BOOKMARK [2][-]{subsection.3.6.1}{\376\377\000M\000a\000c\000r\000o\000-\000L\000e\000v\000e\000l\000\040\000M\000e\000t\000r\000i\000c\000s\000\040\000\050\000D\000i\000s\000t\000r\000i\000b\000u\000t\000i\000o\000n\000a\000l\000\040\000E\000q\000u\000i\000t\000y\000\051}{section.3.6}% 33
\BOOKMARK [2][-]{subsection.3.6.2}{\376\377\000M\000i\000c\000r\000o\000-\000L\000e\000v\000e\000l\000\040\000M\000e\000t\000r\000i\000c\000s\000\040\000\050\000R\000a\000n\000k\000i\000n\000g\000\040\000Q\000u\000a\000l\000i\000t\000y\000\040\000\046\000\040\000A\000c\000c\000u\000r\000a\000c\000y\000\051}{section.3.6}% 34
\BOOKMARK [1][-]{section.3.7}{\376\377\000S\000t\000a\000t\000i\000s\000t\000i\000c\000a\000l\000\040\000T\000e\000s\000t\000i\000n\000g\000\040\000F\000r\000a\000m\000e\000w\000o\000r\000k}{chapter.3}% 35
\BOOKMARK [1][-]{section.3.8}{\376\377\000I\000m\000p\000l\000e\000m\000e\000n\000t\000a\000t\000i\000o\000n\000\040\000a\000n\000d\000\040\000R\000e\000p\000r\000o\000d\000u\000c\000i\000b\000i\000l\000i\000t\000y}{chapter.3}% 36
\BOOKMARK [0][-]{chapter.4}{\376\377\000E\000x\000p\000e\000r\000i\000m\000e\000n\000t\000\040\000A\000\040\040\024\000\040\000M\000a\000c\000r\000o\000-\000L\000e\000v\000e\000l\000\040\000E\000x\000p\000o\000s\000u\000r\000e\000\040\000B\000i\000a\000s}{}% 37
\BOOKMARK [1][-]{section.4.1}{\376\377\000E\000x\000p\000e\000r\000i\000m\000e\000n\000t\000a\000l\000\040\000S\000e\000t\000u\000p}{chapter.4}% 38
\BOOKMARK [1][-]{section.4.2}{\376\377\000A\000l\000g\000o\000r\000i\000t\000h\000m\000i\000c\000\040\000A\000m\000p\000l\000i\000f\000i\000c\000a\000t\000i\000o\000n\000\040\000i\000n\000\040\000C\000o\000l\000l\000a\000b\000o\000r\000a\000t\000i\000v\000e\000\040\000M\000o\000d\000e\000l\000s}{chapter.4}% 39
\BOOKMARK [1][-]{section.4.3}{\376\377\000E\000x\000p\000o\000s\000u\000r\000e\000\040\000D\000i\000s\000p\000e\000r\000s\000a\000l\000\040\000v\000i\000a\000\040\000C\000o\000n\000t\000e\000n\000t\000\040\000M\000o\000d\000e\000l\000s}{chapter.4}% 40
\BOOKMARK [1][-]{section.4.4}{\376\377\000D\000o\000m\000a\000i\000n\000\040\000C\000o\000n\000t\000r\000a\000s\000t\000\040\000R\000e\000s\000u\000l\000t\000s}{chapter.4}% 41
\BOOKMARK [1][-]{section.4.5}{\376\377\000I\000n\000t\000e\000r\000v\000e\000n\000t\000i\000o\000n\000\040\000\050\000P\000o\000s\000t\000-\000P\000r\000o\000c\000e\000s\000s\000i\000n\000g\000\051}{chapter.4}% 42
\BOOKMARK [1][-]{section.4.6}{\376\377\000S\000u\000m\000m\000a\000r\000y\000\040\000o\000f\000\040\000F\000i\000n\000d\000i\000n\000g\000s}{chapter.4}% 43
\BOOKMARK [0][-]{chapter.5}{\376\377\000E\000x\000p\000e\000r\000i\000m\000e\000n\000t\000\040\000B\000\040\040\024\000\040\000U\000s\000e\000r\000-\000C\000e\000n\000t\000r\000i\000c\000\040\000F\000a\000i\000r\000n\000e\000s\000s\000\040\000\050\000T\000h\000e\000\040\000"\000N\000i\000c\000h\000e\000\040\000T\000a\000x\000"\000\051}{}% 44
\BOOKMARK [1][-]{section.5.1}{\376\377\000U\000s\000e\000r\000\040\000S\000t\000r\000a\000t\000i\000f\000i\000c\000a\000t\000i\000o\000n\000\040\000S\000t\000r\000a\000t\000e\000g\000y}{chapter.5}% 45
\BOOKMARK [1][-]{section.5.2}{\376\377\000T\000h\000e\000\040\000R\000M\000S\000E\000\040\000M\000e\000t\000h\000o\000d\000o\000l\000o\000g\000i\000c\000a\000l\000\040\000A\000r\000t\000i\000f\000a\000c\000t}{chapter.5}% 46
\BOOKMARK [1][-]{section.5.3}{\376\377\000P\000r\000e\000d\000i\000c\000t\000i\000v\000e\000\040\000D\000i\000s\000p\000a\000r\000i\000t\000i\000e\000s}{chapter.5}% 47
\BOOKMARK [1][-]{section.5.4}{\376\377\000R\000a\000n\000k\000i\000n\000g\000\040\000F\000a\000i\000r\000n\000e\000s\000s\000\040\000\050\000N\000D\000C\000G\000@\0001\0000\000\051}{chapter.5}% 48
\BOOKMARK [1][-]{section.5.5}{\376\377\000S\000u\000m\000m\000a\000r\000y\000\040\000o\000f\000\040\000F\000i\000n\000d\000i\000n\000g\000s}{chapter.5}% 49
\BOOKMARK [0][-]{chapter.6}{\376\377\000E\000x\000p\000e\000r\000i\000m\000e\000n\000t\000\040\000C\000\040\040\024\000\040\000L\000o\000n\000g\000i\000t\000u\000d\000i\000n\000a\000l\000\040\000F\000e\000e\000d\000b\000a\000c\000k\000\040\000D\000y\000n\000a\000m\000i\000c\000s}{}% 50
\BOOKMARK [1][-]{section.6.1}{\376\377\000S\000i\000m\000u\000l\000a\000t\000i\000o\000n\000\040\000D\000e\000s\000i\000g\000n}{chapter.6}% 51
\BOOKMARK [1][-]{section.6.2}{\376\377\000T\000h\000e\000\040\000S\000t\000o\000c\000h\000a\000s\000t\000i\000c\000\040\000U\000s\000e\000r\000\040\000C\000h\000o\000i\000c\000e\000\040\000M\000o\000d\000e\000l}{chapter.6}% 52
\BOOKMARK [1][-]{section.6.3}{\376\377\000C\000o\000l\000l\000a\000b\000o\000r\000a\000t\000i\000v\000e\000\040\000"\000P\000o\000p\000u\000l\000a\000r\000i\000t\000y\000\040\000C\000r\000e\000e\000p\000"}{chapter.6}% 53
\BOOKMARK [1][-]{section.6.4}{\376\377\000C\000o\000n\000t\000e\000n\000t\000\040\000M\000o\000d\000e\000l\000\040\000R\000e\000s\000i\000l\000i\000e\000n\000c\000e}{chapter.6}% 54
\BOOKMARK [1][-]{section.6.5}{\376\377\000S\000u\000m\000m\000a\000r\000y\000\040\000o\000f\000\040\000F\000i\000n\000d\000i\000n\000g\000s}{chapter.6}% 55
\BOOKMARK [0][-]{chapter.7}{\376\377\000D\000i\000s\000c\000u\000s\000s\000i\000o\000n}{}% 56
\BOOKMARK [1][-]{section.7.1}{\376\377\000T\000h\000e\000\040\000I\000n\000t\000e\000r\000c\000o\000n\000n\000e\000c\000t\000e\000d\000n\000e\000s\000s\000\040\000o\000f\000\040\000B\000i\000a\000s\000e\000s}{chapter.7}% 57
\BOOKMARK [1][-]{section.7.2}{\376\377\000T\000h\000e\000\040\000D\000o\000m\000a\000i\000n\000\040\000E\000x\000t\000r\000e\000m\000e}{chapter.7}% 58
\BOOKMARK [1][-]{section.7.3}{\376\377\000T\000h\000r\000e\000a\000t\000s\000\040\000t\000o\000\040\000V\000a\000l\000i\000d\000i\000t\000y}{chapter.7}% 59
\BOOKMARK [1][-]{section.7.4}{\376\377\000I\000m\000p\000l\000i\000c\000a\000t\000i\000o\000n\000s\000\040\000f\000o\000r\000\040\000P\000r\000a\000c\000t\000i\000t\000i\000o\000n\000e\000r\000s}{chapter.7}% 60
\BOOKMARK [0][-]{chapter.8}{\376\377\000C\000o\000n\000c\000l\000u\000s\000i\000o\000n}{}% 61
\BOOKMARK [1][-]{section.8.1}{\376\377\000S\000u\000m\000m\000a\000r\000y\000\040\000o\000f\000\040\000t\000h\000e\000\040\000S\000t\000u\000d\000y}{chapter.8}% 62
\BOOKMARK [1][-]{section.8.2}{\376\377\000K\000e\000y\000\040\000T\000a\000k\000e\000a\000w\000a\000y\000s}{chapter.8}% 63
\BOOKMARK [1][-]{section.8.3}{\376\377\000D\000i\000r\000e\000c\000t\000i\000o\000n\000s\000\040\000f\000o\000r\000\040\000F\000u\000t\000u\000r\000e\000\040\000R\000e\000s\000e\000a\000r\000c\000h}{chapter.8}% 64
\BOOKMARK [0][-]{appendix.A}{\376\377\000E\000x\000t\000e\000n\000d\000e\000d\000\040\000t\000a\000b\000l\000e\000s\000\040\000f\000o\000r\000\040\000m\000a\000c\000r\000o\000\040\000a\000n\000d\000\040\000m\000i\000c\000r\000o\000\040\000m\000e\000t\000r\000i\000c\000s}{}% 65
\BOOKMARK [0][-]{appendix.B}{\376\377\000A\000d\000d\000i\000t\000i\000o\000n\000a\000l\000\040\000v\000i\000s\000u\000a\000l\000i\000z\000a\000t\000i\000o\000n\000s}{}% 66
\BOOKMARK [0][-]{appendix.C}{\376\377\000E\000x\000t\000e\000n\000d\000e\000d\000\040\000s\000o\000f\000t\000w\000a\000r\000e\000\040\000s\000p\000e\000c\000i\000f\000i\000c\000a\000t\000i\000o\000n\000s}{}% 67
