This is pdfTeX, Version 3.141592653-2.6-1.40.27 (TeX Live 2025/Homebrew) (preloaded format=pdflatex 2025.11.7)  17 APR 2026 08:54
entering extended mode
 restricted \write18 enabled.
 %&-line parsing enabled.
**thesis.tex
(./thesis.tex
LaTeX2e <2024-11-01> patch level 2
L3 programming layer <2025-01-18>

(/usr/local/Cellar/texlive/20250308_2/share/texmf-dist/tex/latex/base/report.cl
s
Document Class: report 2024/06/29 v1.4n Standard LaTeX document class

(/usr/local/Cellar/texlive/20250308_2/share/texmf-dist/tex/latex/base/size11.cl
o
File: size11.clo 2024/06/29 v1.4n Standard LaTeX file (size option)
)
\c@part=\count196
\c@chapter=\count197
\c@section=\count198
\c@subsection=\count199
\c@subsubsection=\count266
\c@paragraph=\count267
\c@subparagraph=\count268
\c@figure=\count269
\c@table=\count270
\abovecaptionskip=\skip49
\belowcaptionskip=\skip50
\bibindent=\dimen141
)
(/usr/local/Cellar/texlive/20250308_2/share/texmf-dist/tex/latex/base/inputenc.
sty
Package: inputenc 2024/02/08 v1.3d Input encoding file
\inpenc@prehook=\toks17
\inpenc@posthook=\toks18
)
(/usr/local/Cellar/texlive/20250308_2/share/texmf-dist/tex/latex/base/fontenc.s
ty
Package: fontenc 2021/04/29 v2.0v Standard LaTeX package
)
(/usr/local/Cellar/texlive/20250308_2/share/texmf-dist/tex/latex/lm/lmodern.sty
Package: lmodern 2015/05/01 v1.6.1 Latin Modern Fonts
LaTeX Font Info:    Overwriting symbol font `operators' in version `normal'
(Font)                  OT1/cmr/m/n --> OT1/lmr/m/n on input line 22.
LaTeX Font Info:    Overwriting symbol font `letters' in version `normal'
(Font)                  OML/cmm/m/it --> OML/lmm/m/it on input line 23.
LaTeX Font Info:    Overwriting symbol font `symbols' in version `normal'
(Font)                  OMS/cmsy/m/n --> OMS/lmsy/m/n on input line 24.
LaTeX Font Info:    Overwriting symbol font `largesymbols' in version `normal'
(Font)                  OMX/cmex/m/n --> OMX/lmex/m/n on input line 25.
LaTeX Font Info:    Overwriting symbol font `operators' in version `bold'
(Font)                  OT1/cmr/bx/n --> OT1/lmr/bx/n on input line 26.
LaTeX Font Info:    Overwriting symbol font `letters' in version `bold'
(Font)                  OML/cmm/b/it --> OML/lmm/b/it on input line 27.
LaTeX Font Info:    Overwriting symbol font `symbols' in version `bold'
(Font)                  OMS/cmsy/b/n --> OMS/lmsy/b/n on input line 28.
LaTeX Font Info:    Overwriting symbol font `largesymbols' in version `bold'
(Font)                  OMX/cmex/m/n --> OMX/lmex/m/n on input line 29.
LaTeX Font Info:    Overwriting math alphabet `\mathbf' in version `normal'
(Font)                  OT1/cmr/bx/n --> OT1/lmr/bx/n on input line 31.
LaTeX Font Info:    Overwriting math alphabet `\mathsf' in version `normal'
(Font)                  OT1/cmss/m/n --> OT1/lmss/m/n on input line 32.
LaTeX Font Info:    Overwriting math alphabet `\mathit' in version `normal'
(Font)                  OT1/cmr/m/it --> OT1/lmr/m/it on input line 33.
LaTeX Font Info:    Overwriting math alphabet `\mathtt' in version `normal'
(Font)                  OT1/cmtt/m/n --> OT1/lmtt/m/n on input line 34.
LaTeX Font Info:    Overwriting math alphabet `\mathbf' in version `bold'
(Font)                  OT1/cmr/bx/n --> OT1/lmr/bx/n on input line 35.
LaTeX Font Info:    Overwriting math alphabet `\mathsf' in version `bold'
(Font)                  OT1/cmss/bx/n --> OT1/lmss/bx/n on input line 36.
LaTeX Font Info:    Overwriting math alphabet `\mathit' in version `bold'
(Font)                  OT1/cmr/bx/it --> OT1/lmr/bx/it on input line 37.
LaTeX Font Info:    Overwriting math alphabet `\mathtt' in version `bold'
(Font)                  OT1/cmtt/m/n --> OT1/lmtt/m/n on input line 38.
)
(/usr/local/Cellar/texlive/20250308_2/share/texmf-dist/tex/latex/microtype/micr
otype.sty
Package: microtype 2025/02/11 v3.2a Micro-typographical refinements (RS)

(/usr/local/Cellar/texlive/20250308_2/share/texmf-dist/tex/latex/graphics/keyva
l.sty
Package: keyval 2022/05/29 v1.15 key=value parser (DPC)
\KV@toks@=\toks19
)
(/usr/local/Cellar/texlive/20250308_2/share/texmf-dist/tex/latex/etoolbox/etool
box.sty
Package: etoolbox 2025/02/11 v2.5l e-TeX tools for LaTeX (JAW)
\etb@tempcnta=\count271
)
\MT@toks=\toks20
\MT@tempbox=\box52
\MT@count=\count272
LaTeX Info: Redefining \noprotrusionifhmode on input line 1087.
LaTeX Info: Redefining \leftprotrusion on input line 1088.
\MT@prot@toks=\toks21
LaTeX Info: Redefining \rightprotrusion on input line 1107.
LaTeX Info: Redefining \textls on input line 1449.
\MT@outer@kern=\dimen142
LaTeX Info: Redefining \microtypecontext on input line 2053.
LaTeX Info: Redefining \textmicrotypecontext on input line 2070.
\MT@listname@count=\count273

(/usr/local/Cellar/texlive/20250308_2/share/texmf-dist/tex/latex/microtype/micr
otype-pdftex.def
File: microtype-pdftex.def 2025/02/11 v3.2a Definitions specific to pdftex (RS)

LaTeX Info: Redefining \lsstyle on input line 944.
LaTeX Info: Redefining \lslig on input line 944.
\MT@outer@space=\skip51
)
Package microtype Info: Loading configuration file microtype.cfg.

(/usr/local/Cellar/texlive/20250308_2/share/texmf-dist/tex/latex/microtype/micr
otype.cfg
File: microtype.cfg 2025/02/11 v3.2a microtype main configuration file (RS)
)
LaTeX Info: Redefining \microtypesetup on input line 3065.
)
(/usr/local/Cellar/texlive/20250308_2/share/texmf-dist/tex/latex/geometry/geome
try.sty
Package: geometry 2020/01/02 v5.9 Page Geometry

(/usr/local/Cellar/texlive/20250308_2/share/texmf-dist/tex/generic/iftex/ifvtex
.sty
Package: ifvtex 2019/10/25 v1.7 ifvtex legacy package. Use iftex instead.

(/usr/local/Cellar/texlive/20250308_2/share/texmf-dist/tex/generic/iftex/iftex.
sty
Package: iftex 2024/12/12 v1.0g TeX engine tests
))
\Gm@cnth=\count274
\Gm@cntv=\count275
\c@Gm@tempcnt=\count276
\Gm@bindingoffset=\dimen143
\Gm@wd@mp=\dimen144
\Gm@odd@mp=\dimen145
\Gm@even@mp=\dimen146
\Gm@layoutwidth=\dimen147
\Gm@layoutheight=\dimen148
\Gm@layouthoffset=\dimen149
\Gm@layoutvoffset=\dimen150
\Gm@dimlist=\toks22
)
(/usr/local/Cellar/texlive/20250308_2/share/texmf-dist/tex/latex/amsmath/amsmat
h.sty
Package: amsmath 2024/11/05 v2.17t AMS math features
\@mathmargin=\skip52

For additional information on amsmath, use the `?' option.

(/usr/local/Cellar/texlive/20250308_2/share/texmf-dist/tex/latex/amsmath/amstex
t.sty
Package: amstext 2021/08/26 v2.01 AMS text

(/usr/local/Cellar/texlive/20250308_2/share/texmf-dist/tex/latex/amsmath/amsgen
.sty
File: amsgen.sty 1999/11/30 v2.0 generic functions
\@emptytoks=\toks23
\ex@=\dimen151
))
(/usr/local/Cellar/texlive/20250308_2/share/texmf-dist/tex/latex/amsmath/amsbsy
.sty
Package: amsbsy 1999/11/29 v1.2d Bold Symbols
\pmbraise@=\dimen152
)
(/usr/local/Cellar/texlive/20250308_2/share/texmf-dist/tex/latex/amsmath/amsopn
.sty
Package: amsopn 2022/04/08 v2.04 operator names
)
\inf@bad=\count277
LaTeX Info: Redefining \frac on input line 233.
\uproot@=\count278
\leftroot@=\count279
LaTeX Info: Redefining \overline on input line 398.
LaTeX Info: Redefining \colon on input line 409.
\classnum@=\count280
\DOTSCASE@=\count281
LaTeX Info: Redefining \ldots on input line 495.
LaTeX Info: Redefining \dots on input line 498.
LaTeX Info: Redefining \cdots on input line 619.
\Mathstrutbox@=\box53
\strutbox@=\box54
LaTeX Info: Redefining \big on input line 721.
LaTeX Info: Redefining \Big on input line 722.
LaTeX Info: Redefining \bigg on input line 723.
LaTeX Info: Redefining \Bigg on input line 724.
\big@size=\dimen153
LaTeX Font Info:    Redeclaring font encoding OML on input line 742.
LaTeX Font Info:    Redeclaring font encoding OMS on input line 743.
\macc@depth=\count282
LaTeX Info: Redefining \bmod on input line 904.
LaTeX Info: Redefining \pmod on input line 909.
LaTeX Info: Redefining \smash on input line 939.
LaTeX Info: Redefining \relbar on input line 969.
LaTeX Info: Redefining \Relbar on input line 970.
\c@MaxMatrixCols=\count283
\dotsspace@=\muskip17
\c@parentequation=\count284
\dspbrk@lvl=\count285
\tag@help=\toks24
\row@=\count286
\column@=\count287
\maxfields@=\count288
\andhelp@=\toks25
\eqnshift@=\dimen154
\alignsep@=\dimen155
\tagshift@=\dimen156
\tagwidth@=\dimen157
\totwidth@=\dimen158
\lineht@=\dimen159
\@envbody=\toks26
\multlinegap=\skip53
\multlinetaggap=\skip54
\mathdisplay@stack=\toks27
LaTeX Info: Redefining \[ on input line 2953.
LaTeX Info: Redefining \] on input line 2954.
)
(/usr/local/Cellar/texlive/20250308_2/share/texmf-dist/tex/latex/amsfonts/amssy
mb.sty
Package: amssymb 2013/01/14 v3.01 AMS font symbols

(/usr/local/Cellar/texlive/20250308_2/share/texmf-dist/tex/latex/amsfonts/amsfo
nts.sty
Package: amsfonts 2013/01/14 v3.01 Basic AMSFonts support
\symAMSa=\mathgroup4
\symAMSb=\mathgroup5
LaTeX Font Info:    Redeclaring math symbol \hbar on input line 98.
LaTeX Font Info:    Overwriting math alphabet `\mathfrak' in version `bold'
(Font)                  U/euf/m/n --> U/euf/b/n on input line 106.
))
(/usr/local/Cellar/texlive/20250308_2/share/texmf-dist/tex/latex/tools/bm.sty
Package: bm 2023/12/19 v1.2f Bold Symbol Support (DPC/FMi)
\symboldoperators=\mathgroup6
\symboldletters=\mathgroup7
\symboldsymbols=\mathgroup8
Package bm Info: No bold for \OMX/lmex/m/n, using \pmb.
Package bm Info: No bold for \U/msa/m/n, using \pmb.
Package bm Info: No bold for \U/msb/m/n, using \pmb.
LaTeX Font Info:    Redeclaring math alphabet \mathbf on input line 149.
)
(/usr/local/Cellar/texlive/20250308_2/share/texmf-dist/tex/latex/natbib/natbib.
sty
Package: natbib 2010/09/13 8.31b (PWD, AO)
\bibhang=\skip55
\bibsep=\skip56
LaTeX Info: Redefining \cite on input line 694.
\c@NAT@ctr=\count289
)
(/usr/local/Cellar/texlive/20250308_2/share/texmf-dist/tex/latex/booktabs/bookt
abs.sty
Package: booktabs 2020/01/12 v1.61803398 Publication quality tables
\heavyrulewidth=\dimen160
\lightrulewidth=\dimen161
\cmidrulewidth=\dimen162
\belowrulesep=\dimen163
\belowbottomsep=\dimen164
\aboverulesep=\dimen165
\abovetopsep=\dimen166
\cmidrulesep=\dimen167
\cmidrulekern=\dimen168
\defaultaddspace=\dimen169
\@cmidla=\count290
\@cmidlb=\count291
\@aboverulesep=\dimen170
\@belowrulesep=\dimen171
\@thisruleclass=\count292
\@lastruleclass=\count293
\@thisrulewidth=\dimen172
)
(/usr/local/Cellar/texlive/20250308_2/share/texmf-dist/tex/latex/graphics/graph
icx.sty
Package: graphicx 2021/09/16 v1.2d Enhanced LaTeX Graphics (DPC,SPQR)

(/usr/local/Cellar/texlive/20250308_2/share/texmf-dist/tex/latex/graphics/graph
ics.sty
Package: graphics 2024/08/06 v1.4g Standard LaTeX Graphics (DPC,SPQR)

(/usr/local/Cellar/texlive/20250308_2/share/texmf-dist/tex/latex/graphics/trig.
sty
Package: trig 2023/12/02 v1.11 sin cos tan (DPC)
)
(/usr/local/Cellar/texlive/20250308_2/share/texmf-dist/tex/latex/graphics-cfg/g
raphics.cfg
File: graphics.cfg 2016/06/04 v1.11 sample graphics configuration
)
Package graphics Info: Driver file: pdftex.def on input line 106.

(/usr/local/Cellar/texlive/20250308_2/share/texmf-dist/tex/latex/graphics-def/p
dftex.def
File: pdftex.def 2024/04/13 v1.2c Graphics/color driver for pdftex
))
\Gin@req@height=\dimen173
\Gin@req@width=\dimen174
)
(/usr/local/Cellar/texlive/20250308_2/share/texmf-dist/tex/latex/pgf/frontendla
yer/tikz.sty
(/usr/local/Cellar/texlive/20250308_2/share/texmf-dist/tex/latex/pgf/basiclayer
/pgf.sty
(/usr/local/Cellar/texlive/20250308_2/share/texmf-dist/tex/latex/pgf/utilities/
pgfrcs.sty
(/usr/local/Cellar/texlive/20250308_2/share/texmf-dist/tex/generic/pgf/utilitie
s/pgfutil-common.tex
\pgfutil@everybye=\toks28
\pgfutil@tempdima=\dimen175
\pgfutil@tempdimb=\dimen176
)
(/usr/local/Cellar/texlive/20250308_2/share/texmf-dist/tex/generic/pgf/utilitie
s/pgfutil-latex.def
\pgfutil@abb=\box55
)
(/usr/local/Cellar/texlive/20250308_2/share/texmf-dist/tex/generic/pgf/utilitie
s/pgfrcs.code.tex
(/usr/local/Cellar/texlive/20250308_2/share/texmf-dist/tex/generic/pgf/pgf.revi
sion.tex)
Package: pgfrcs 2023-01-15 v3.1.10 (3.1.10)
))
Package: pgf 2023-01-15 v3.1.10 (3.1.10)

(/usr/local/Cellar/texlive/20250308_2/share/texmf-dist/tex/latex/pgf/basiclayer
/pgfcore.sty
(/usr/local/Cellar/texlive/20250308_2/share/texmf-dist/tex/latex/pgf/systemlaye
r/pgfsys.sty
(/usr/local/Cellar/texlive/20250308_2/share/texmf-dist/tex/generic/pgf/systemla
yer/pgfsys.code.tex
Package: pgfsys 2023-01-15 v3.1.10 (3.1.10)

(/usr/local/Cellar/texlive/20250308_2/share/texmf-dist/tex/generic/pgf/utilitie
s/pgfkeys.code.tex
\pgfkeys@pathtoks=\toks29
\pgfkeys@temptoks=\toks30

(/usr/local/Cellar/texlive/20250308_2/share/texmf-dist/tex/generic/pgf/utilitie
s/pgfkeyslibraryfiltered.code.tex
\pgfkeys@tmptoks=\toks31
))
\pgf@x=\dimen177
\pgf@y=\dimen178
\pgf@xa=\dimen179
\pgf@ya=\dimen180
\pgf@xb=\dimen181
\pgf@yb=\dimen182
\pgf@xc=\dimen183
\pgf@yc=\dimen184
\pgf@xd=\dimen185
\pgf@yd=\dimen186
\w@pgf@writea=\write3
\r@pgf@reada=\read2
\c@pgf@counta=\count294
\c@pgf@countb=\count295
\c@pgf@countc=\count296
\c@pgf@countd=\count297
\t@pgf@toka=\toks32
\t@pgf@tokb=\toks33
\t@pgf@tokc=\toks34
\pgf@sys@id@count=\count298

(/usr/local/Cellar/texlive/20250308_2/share/texmf-dist/tex/generic/pgf/systemla
yer/pgf.cfg
File: pgf.cfg 2023-01-15 v3.1.10 (3.1.10)
)
Driver file for pgf: pgfsys-pdftex.def

(/usr/local/Cellar/texlive/20250308_2/share/texmf-dist/tex/generic/pgf/systemla
yer/pgfsys-pdftex.def
File: pgfsys-pdftex.def 2023-01-15 v3.1.10 (3.1.10)

(/usr/local/Cellar/texlive/20250308_2/share/texmf-dist/tex/generic/pgf/systemla
yer/pgfsys-common-pdf.def
File: pgfsys-common-pdf.def 2023-01-15 v3.1.10 (3.1.10)
)))
(/usr/local/Cellar/texlive/20250308_2/share/texmf-dist/tex/generic/pgf/systemla
yer/pgfsyssoftpath.code.tex
File: pgfsyssoftpath.code.tex 2023-01-15 v3.1.10 (3.1.10)
\pgfsyssoftpath@smallbuffer@items=\count299
\pgfsyssoftpath@bigbuffer@items=\count300
)
(/usr/local/Cellar/texlive/20250308_2/share/texmf-dist/tex/generic/pgf/systemla
yer/pgfsysprotocol.code.tex
File: pgfsysprotocol.code.tex 2023-01-15 v3.1.10 (3.1.10)
))
(/usr/local/Cellar/texlive/20250308_2/share/texmf-dist/tex/latex/xcolor/xcolor.
sty
Package: xcolor 2024/09/29 v3.02 LaTeX color extensions (UK)

(/usr/local/Cellar/texlive/20250308_2/share/texmf-dist/tex/latex/graphics-cfg/c
olor.cfg
File: color.cfg 2016/01/02 v1.6 sample color configuration
)
Package xcolor Info: Driver file: pdftex.def on input line 274.

(/usr/local/Cellar/texlive/20250308_2/share/texmf-dist/tex/latex/graphics/mathc
olor.ltx)
Package xcolor Info: Model `cmy' substituted by `cmy0' on input line 1349.
Package xcolor Info: Model `hsb' substituted by `rgb' on input line 1353.
Package xcolor Info: Model `RGB' extended on input line 1365.
Package xcolor Info: Model `HTML' substituted by `rgb' on input line 1367.
Package xcolor Info: Model `Hsb' substituted by `hsb' on input line 1368.
Package xcolor Info: Model `tHsb' substituted by `hsb' on input line 1369.
Package xcolor Info: Model `HSB' substituted by `hsb' on input line 1370.
Package xcolor Info: Model `Gray' substituted by `gray' on input line 1371.
Package xcolor Info: Model `wave' substituted by `hsb' on input line 1372.
)
(/usr/local/Cellar/texlive/20250308_2/share/texmf-dist/tex/generic/pgf/basiclay
er/pgfcore.code.tex
Package: pgfcore 2023-01-15 v3.1.10 (3.1.10)

(/usr/local/Cellar/texlive/20250308_2/share/texmf-dist/tex/generic/pgf/math/pgf
math.code.tex
(/usr/local/Cellar/texlive/20250308_2/share/texmf-dist/tex/generic/pgf/math/pgf
mathutil.code.tex)
(/usr/local/Cellar/texlive/20250308_2/share/texmf-dist/tex/generic/pgf/math/pgf
mathparser.code.tex
\pgfmath@dimen=\dimen187
\pgfmath@count=\count301
\pgfmath@box=\box56
\pgfmath@toks=\toks35
\pgfmath@stack@operand=\toks36
\pgfmath@stack@operation=\toks37
)
(/usr/local/Cellar/texlive/20250308_2/share/texmf-dist/tex/generic/pgf/math/pgf
mathfunctions.code.tex)
(/usr/local/Cellar/texlive/20250308_2/share/texmf-dist/tex/generic/pgf/math/pgf
mathfunctions.basic.code.tex)
(/usr/local/Cellar/texlive/20250308_2/share/texmf-dist/tex/generic/pgf/math/pgf
mathfunctions.trigonometric.code.tex)
(/usr/local/Cellar/texlive/20250308_2/share/texmf-dist/tex/generic/pgf/math/pgf
mathfunctions.random.code.tex)
(/usr/local/Cellar/texlive/20250308_2/share/texmf-dist/tex/generic/pgf/math/pgf
mathfunctions.comparison.code.tex)
(/usr/local/Cellar/texlive/20250308_2/share/texmf-dist/tex/generic/pgf/math/pgf
mathfunctions.base.code.tex)
(/usr/local/Cellar/texlive/20250308_2/share/texmf-dist/tex/generic/pgf/math/pgf
mathfunctions.round.code.tex)
(/usr/local/Cellar/texlive/20250308_2/share/texmf-dist/tex/generic/pgf/math/pgf
mathfunctions.misc.code.tex)
(/usr/local/Cellar/texlive/20250308_2/share/texmf-dist/tex/generic/pgf/math/pgf
mathfunctions.integerarithmetics.code.tex)
(/usr/local/Cellar/texlive/20250308_2/share/texmf-dist/tex/generic/pgf/math/pgf
mathcalc.code.tex)
(/usr/local/Cellar/texlive/20250308_2/share/texmf-dist/tex/generic/pgf/math/pgf
mathfloat.code.tex
\c@pgfmathroundto@lastzeros=\count302
))
(/usr/local/Cellar/texlive/20250308_2/share/texmf-dist/tex/generic/pgf/math/pgf
int.code.tex)
(/usr/local/Cellar/texlive/20250308_2/share/texmf-dist/tex/generic/pgf/basiclay
er/pgfcorepoints.code.tex
File: pgfcorepoints.code.tex 2023-01-15 v3.1.10 (3.1.10)
\pgf@picminx=\dimen188
\pgf@picmaxx=\dimen189
\pgf@picminy=\dimen190
\pgf@picmaxy=\dimen191
\pgf@pathminx=\dimen192
\pgf@pathmaxx=\dimen193
\pgf@pathminy=\dimen194
\pgf@pathmaxy=\dimen195
\pgf@xx=\dimen196
\pgf@xy=\dimen197
\pgf@yx=\dimen198
\pgf@yy=\dimen199
\pgf@zx=\dimen256
\pgf@zy=\dimen257
)
(/usr/local/Cellar/texlive/20250308_2/share/texmf-dist/tex/generic/pgf/basiclay
er/pgfcorepathconstruct.code.tex
File: pgfcorepathconstruct.code.tex 2023-01-15 v3.1.10 (3.1.10)
\pgf@path@lastx=\dimen258
\pgf@path@lasty=\dimen259
)
(/usr/local/Cellar/texlive/20250308_2/share/texmf-dist/tex/generic/pgf/basiclay
er/pgfcorepathusage.code.tex
File: pgfcorepathusage.code.tex 2023-01-15 v3.1.10 (3.1.10)
\pgf@shorten@end@additional=\dimen260
\pgf@shorten@start@additional=\dimen261
)
(/usr/local/Cellar/texlive/20250308_2/share/texmf-dist/tex/generic/pgf/basiclay
er/pgfcorescopes.code.tex
File: pgfcorescopes.code.tex 2023-01-15 v3.1.10 (3.1.10)
\pgfpic=\box57
\pgf@hbox=\box58
\pgf@layerbox@main=\box59
\pgf@picture@serial@count=\count303
)
(/usr/local/Cellar/texlive/20250308_2/share/texmf-dist/tex/generic/pgf/basiclay
er/pgfcoregraphicstate.code.tex
File: pgfcoregraphicstate.code.tex 2023-01-15 v3.1.10 (3.1.10)
\pgflinewidth=\dimen262
)
(/usr/local/Cellar/texlive/20250308_2/share/texmf-dist/tex/generic/pgf/basiclay
er/pgfcoretransformations.code.tex
File: pgfcoretransformations.code.tex 2023-01-15 v3.1.10 (3.1.10)
\pgf@pt@x=\dimen263
\pgf@pt@y=\dimen264
\pgf@pt@temp=\dimen265
)
(/usr/local/Cellar/texlive/20250308_2/share/texmf-dist/tex/generic/pgf/basiclay
er/pgfcorequick.code.tex
File: pgfcorequick.code.tex 2023-01-15 v3.1.10 (3.1.10)
)
(/usr/local/Cellar/texlive/20250308_2/share/texmf-dist/tex/generic/pgf/basiclay
er/pgfcoreobjects.code.tex
File: pgfcoreobjects.code.tex 2023-01-15 v3.1.10 (3.1.10)
)
(/usr/local/Cellar/texlive/20250308_2/share/texmf-dist/tex/generic/pgf/basiclay
er/pgfcorepathprocessing.code.tex
File: pgfcorepathprocessing.code.tex 2023-01-15 v3.1.10 (3.1.10)
)
(/usr/local/Cellar/texlive/20250308_2/share/texmf-dist/tex/generic/pgf/basiclay
er/pgfcorearrows.code.tex
File: pgfcorearrows.code.tex 2023-01-15 v3.1.10 (3.1.10)
\pgfarrowsep=\dimen266
)
(/usr/local/Cellar/texlive/20250308_2/share/texmf-dist/tex/generic/pgf/basiclay
er/pgfcoreshade.code.tex
File: pgfcoreshade.code.tex 2023-01-15 v3.1.10 (3.1.10)
\pgf@max=\dimen267
\pgf@sys@shading@range@num=\count304
\pgf@shadingcount=\count305
)
(/usr/local/Cellar/texlive/20250308_2/share/texmf-dist/tex/generic/pgf/basiclay
er/pgfcoreimage.code.tex
File: pgfcoreimage.code.tex 2023-01-15 v3.1.10 (3.1.10)
)
(/usr/local/Cellar/texlive/20250308_2/share/texmf-dist/tex/generic/pgf/basiclay
er/pgfcoreexternal.code.tex
File: pgfcoreexternal.code.tex 2023-01-15 v3.1.10 (3.1.10)
\pgfexternal@startupbox=\box60
)
(/usr/local/Cellar/texlive/20250308_2/share/texmf-dist/tex/generic/pgf/basiclay
er/pgfcorelayers.code.tex
File: pgfcorelayers.code.tex 2023-01-15 v3.1.10 (3.1.10)
)
(/usr/local/Cellar/texlive/20250308_2/share/texmf-dist/tex/generic/pgf/basiclay
er/pgfcoretransparency.code.tex
File: pgfcoretransparency.code.tex 2023-01-15 v3.1.10 (3.1.10)
)
(/usr/local/Cellar/texlive/20250308_2/share/texmf-dist/tex/generic/pgf/basiclay
er/pgfcorepatterns.code.tex
File: pgfcorepatterns.code.tex 2023-01-15 v3.1.10 (3.1.10)
)
(/usr/local/Cellar/texlive/20250308_2/share/texmf-dist/tex/generic/pgf/basiclay
er/pgfcorerdf.code.tex
File: pgfcorerdf.code.tex 2023-01-15 v3.1.10 (3.1.10)
)))
(/usr/local/Cellar/texlive/20250308_2/share/texmf-dist/tex/generic/pgf/modules/
pgfmoduleshapes.code.tex
File: pgfmoduleshapes.code.tex 2023-01-15 v3.1.10 (3.1.10)
\pgfnodeparttextbox=\box61
)
(/usr/local/Cellar/texlive/20250308_2/share/texmf-dist/tex/generic/pgf/modules/
pgfmoduleplot.code.tex
File: pgfmoduleplot.code.tex 2023-01-15 v3.1.10 (3.1.10)
)
(/usr/local/Cellar/texlive/20250308_2/share/texmf-dist/tex/latex/pgf/compatibil
ity/pgfcomp-version-0-65.sty
Package: pgfcomp-version-0-65 2023-01-15 v3.1.10 (3.1.10)
\pgf@nodesepstart=\dimen268
\pgf@nodesepend=\dimen269
)
(/usr/local/Cellar/texlive/20250308_2/share/texmf-dist/tex/latex/pgf/compatibil
ity/pgfcomp-version-1-18.sty
Package: pgfcomp-version-1-18 2023-01-15 v3.1.10 (3.1.10)
))
(/usr/local/Cellar/texlive/20250308_2/share/texmf-dist/tex/latex/pgf/utilities/
pgffor.sty
(/usr/local/Cellar/texlive/20250308_2/share/texmf-dist/tex/latex/pgf/utilities/
pgfkeys.sty
(/usr/local/Cellar/texlive/20250308_2/share/texmf-dist/tex/generic/pgf/utilitie
s/pgfkeys.code.tex))
(/usr/local/Cellar/texlive/20250308_2/share/texmf-dist/tex/latex/pgf/math/pgfma
th.sty
(/usr/local/Cellar/texlive/20250308_2/share/texmf-dist/tex/generic/pgf/math/pgf
math.code.tex))
(/usr/local/Cellar/texlive/20250308_2/share/texmf-dist/tex/generic/pgf/utilitie
s/pgffor.code.tex
Package: pgffor 2023-01-15 v3.1.10 (3.1.10)
\pgffor@iter=\dimen270
\pgffor@skip=\dimen271
\pgffor@stack=\toks38
\pgffor@toks=\toks39
))
(/usr/local/Cellar/texlive/20250308_2/share/texmf-dist/tex/generic/pgf/frontend
layer/tikz/tikz.code.tex
Package: tikz 2023-01-15 v3.1.10 (3.1.10)

(/usr/local/Cellar/texlive/20250308_2/share/texmf-dist/tex/generic/pgf/librarie
s/pgflibraryplothandlers.code.tex
File: pgflibraryplothandlers.code.tex 2023-01-15 v3.1.10 (3.1.10)
\pgf@plot@mark@count=\count306
\pgfplotmarksize=\dimen272
)
\tikz@lastx=\dimen273
\tikz@lasty=\dimen274
\tikz@lastxsaved=\dimen275
\tikz@lastysaved=\dimen276
\tikz@lastmovetox=\dimen277
\tikz@lastmovetoy=\dimen278
\tikzleveldistance=\dimen279
\tikzsiblingdistance=\dimen280
\tikz@figbox=\box62
\tikz@figbox@bg=\box63
\tikz@tempbox=\box64
\tikz@tempbox@bg=\box65
\tikztreelevel=\count307
\tikznumberofchildren=\count308
\tikznumberofcurrentchild=\count309
\tikz@fig@count=\count310

(/usr/local/Cellar/texlive/20250308_2/share/texmf-dist/tex/generic/pgf/modules/
pgfmodulematrix.code.tex
File: pgfmodulematrix.code.tex 2023-01-15 v3.1.10 (3.1.10)
\pgfmatrixcurrentrow=\count311
\pgfmatrixcurrentcolumn=\count312
\pgf@matrix@numberofcolumns=\count313
)
\tikz@expandcount=\count314

(/usr/local/Cellar/texlive/20250308_2/share/texmf-dist/tex/generic/pgf/frontend
layer/tikz/libraries/tikzlibrarytopaths.code.tex
File: tikzlibrarytopaths.code.tex 2023-01-15 v3.1.10 (3.1.10)
)))
(/usr/local/Cellar/texlive/20250308_2/share/texmf-dist/tex/generic/pgf/librarie
s/pgflibraryarrows.meta.code.tex
File: pgflibraryarrows.meta.code.tex 2023-01-15 v3.1.10 (3.1.10)
\pgfarrowinset=\dimen281
\pgfarrowlength=\dimen282
\pgfarrowwidth=\dimen283
\pgfarrowlinewidth=\dimen284
)
(/usr/local/Cellar/texlive/20250308_2/share/texmf-dist/tex/generic/pgf/frontend
layer/tikz/libraries/tikzlibrarypositioning.code.tex
File: tikzlibrarypositioning.code.tex 2023-01-15 v3.1.10 (3.1.10)
)
(/usr/local/Cellar/texlive/20250308_2/share/texmf-dist/tex/latex/caption/captio
n.sty
Package: caption 2023/08/05 v3.6o Customizing captions (AR)

(/usr/local/Cellar/texlive/20250308_2/share/texmf-dist/tex/latex/caption/captio
n3.sty
Package: caption3 2023/07/31 v2.4d caption3 kernel (AR)
\caption@tempdima=\dimen285
\captionmargin=\dimen286
\caption@leftmargin=\dimen287
\caption@rightmargin=\dimen288
\caption@width=\dimen289
\caption@indent=\dimen290
\caption@parindent=\dimen291
\caption@hangindent=\dimen292
Package caption Info: Standard document class detected.
)
\c@caption@flags=\count315
\c@continuedfloat=\count316
)
(/usr/local/Cellar/texlive/20250308_2/share/texmf-dist/tex/latex/caption/subcap
tion.sty
Package: subcaption 2023/07/28 v1.6b Sub-captions (AR)
Package caption Info: New subtype `subfigure' on input line 238.
\c@subfigure=\count317
Package caption Info: New subtype `subtable' on input line 238.
\c@subtable=\count318
)
(/usr/local/Cellar/texlive/20250308_2/share/texmf-dist/tex/latex/hyperref/hyper
ref.sty
Package: hyperref 2024-11-05 v7.01l Hypertext links for LaTeX

(/usr/local/Cellar/texlive/20250308_2/share/texmf-dist/tex/latex/kvsetkeys/kvse
tkeys.sty
Package: kvsetkeys 2022-10-05 v1.19 Key value parser (HO)
)
(/usr/local/Cellar/texlive/20250308_2/share/texmf-dist/tex/generic/kvdefinekeys
/kvdefinekeys.sty
Package: kvdefinekeys 2019-12-19 v1.6 Define keys (HO)
)
(/usr/local/Cellar/texlive/20250308_2/share/texmf-dist/tex/generic/pdfescape/pd
fescape.sty
Package: pdfescape 2019/12/09 v1.15 Implements pdfTeX's escape features (HO)

(/usr/local/Cellar/texlive/20250308_2/share/texmf-dist/tex/generic/ltxcmds/ltxc
mds.sty
Package: ltxcmds 2023-12-04 v1.26 LaTeX kernel commands for general use (HO)
)
(/usr/local/Cellar/texlive/20250308_2/share/texmf-dist/tex/generic/pdftexcmds/p
dftexcmds.sty
Package: pdftexcmds 2020-06-27 v0.33 Utility functions of pdfTeX for LuaTeX (HO
)

(/usr/local/Cellar/texlive/20250308_2/share/texmf-dist/tex/generic/infwarerr/in
fwarerr.sty
Package: infwarerr 2019/12/03 v1.5 Providing info/warning/error messages (HO)
)
Package pdftexcmds Info: \pdf@primitive is available.
Package pdftexcmds Info: \pdf@ifprimitive is available.
Package pdftexcmds Info: \pdfdraftmode found.
))
(/usr/local/Cellar/texlive/20250308_2/share/texmf-dist/tex/latex/hycolor/hycolo
r.sty
Package: hycolor 2020-01-27 v1.10 Color options for hyperref/bookmark (HO)
)
(/usr/local/Cellar/texlive/20250308_2/share/texmf-dist/tex/latex/hyperref/namer
ef.sty
Package: nameref 2023-11-26 v2.56 Cross-referencing by name of section

(/usr/local/Cellar/texlive/20250308_2/share/texmf-dist/tex/latex/refcount/refco
unt.sty
Package: refcount 2019/12/15 v3.6 Data extraction from label references (HO)
)
(/usr/local/Cellar/texlive/20250308_2/share/texmf-dist/tex/generic/gettitlestri
ng/gettitlestring.sty
Package: gettitlestring 2019/12/15 v1.6 Cleanup title references (HO)

(/usr/local/Cellar/texlive/20250308_2/share/texmf-dist/tex/latex/kvoptions/kvop
tions.sty
Package: kvoptions 2022-06-15 v3.15 Key value format for package options (HO)
))
\c@section@level=\count319
)
(/usr/local/Cellar/texlive/20250308_2/share/texmf-dist/tex/generic/stringenc/st
ringenc.sty
Package: stringenc 2019/11/29 v1.12 Convert strings between diff. encodings (HO
)
)
\@linkdim=\dimen293
\Hy@linkcounter=\count320
\Hy@pagecounter=\count321

(/usr/local/Cellar/texlive/20250308_2/share/texmf-dist/tex/latex/hyperref/pd1en
c.def
File: pd1enc.def 2024-11-05 v7.01l Hyperref: PDFDocEncoding definition (HO)
Now handling font encoding PD1 ...
... no UTF-8 mapping file for font encoding PD1
)
(/usr/local/Cellar/texlive/20250308_2/share/texmf-dist/tex/generic/intcalc/intc
alc.sty
Package: intcalc 2019/12/15 v1.3 Expandable calculations with integers (HO)
)
\Hy@SavedSpaceFactor=\count322

(/usr/local/Cellar/texlive/20250308_2/share/texmf-dist/tex/latex/hyperref/puenc
.def
File: puenc.def 2024-11-05 v7.01l Hyperref: PDF Unicode definition (HO)
Now handling font encoding PU ...
... no UTF-8 mapping file for font encoding PU
)
Package hyperref Info: Hyper figures OFF on input line 4157.
Package hyperref Info: Link nesting OFF on input line 4162.
Package hyperref Info: Hyper index ON on input line 4165.
Package hyperref Info: Plain pages OFF on input line 4172.
Package hyperref Info: Backreferencing OFF on input line 4177.
Package hyperref Info: Implicit mode ON; LaTeX internals redefined.
Package hyperref Info: Bookmarks ON on input line 4424.
\c@Hy@tempcnt=\count323

(/usr/local/Cellar/texlive/20250308_2/share/texmf-dist/tex/latex/url/url.sty
\Urlmuskip=\muskip18
Package: url 2013/09/16  ver 3.4  Verb mode for urls, etc.
)
LaTeX Info: Redefining \url on input line 4763.
\XeTeXLinkMargin=\dimen294

(/usr/local/Cellar/texlive/20250308_2/share/texmf-dist/tex/generic/bitset/bitse
t.sty
Package: bitset 2019/12/09 v1.3 Handle bit-vector datatype (HO)

(/usr/local/Cellar/texlive/20250308_2/share/texmf-dist/tex/generic/bigintcalc/b
igintcalc.sty
Package: bigintcalc 2019/12/15 v1.5 Expandable calculations on big integers (HO
)
))
\Fld@menulength=\count324
\Field@Width=\dimen295
\Fld@charsize=\dimen296
Package hyperref Info: Hyper figures OFF on input line 6042.
Package hyperref Info: Link nesting OFF on input line 6047.
Package hyperref Info: Hyper index ON on input line 6050.
Package hyperref Info: backreferencing OFF on input line 6057.
Package hyperref Info: Link coloring OFF on input line 6062.
Package hyperref Info: Link coloring with OCG OFF on input line 6067.
Package hyperref Info: PDF/A mode OFF on input line 6072.

(/usr/local/Cellar/texlive/20250308_2/share/texmf-dist/tex/latex/base/atbegshi-
ltx.sty
Package: atbegshi-ltx 2021/01/10 v1.0c Emulation of the original atbegshi
package with kernel methods
)
\Hy@abspage=\count325
\c@Item=\count326
\c@Hfootnote=\count327
)
Package hyperref Info: Driver (autodetected): hpdftex.

(/usr/local/Cellar/texlive/20250308_2/share/texmf-dist/tex/latex/hyperref/hpdft
ex.def
File: hpdftex.def 2024-11-05 v7.01l Hyperref driver for pdfTeX

(/usr/local/Cellar/texlive/20250308_2/share/texmf-dist/tex/latex/base/atveryend
-ltx.sty
Package: atveryend-ltx 2020/08/19 v1.0a Emulation of the original atveryend pac
kage
with kernel methods
)
\Fld@listcount=\count328
\c@bookmark@seq@number=\count329

(/usr/local/Cellar/texlive/20250308_2/share/texmf-dist/tex/latex/rerunfilecheck
/rerunfilecheck.sty
Package: rerunfilecheck 2022-07-10 v1.10 Rerun checks for auxiliary files (HO)

(/usr/local/Cellar/texlive/20250308_2/share/texmf-dist/tex/generic/uniquecounte
r/uniquecounter.sty
Package: uniquecounter 2019/12/15 v1.4 Provide unlimited unique counter (HO)
)
Package uniquecounter Info: New unique counter `rerunfilecheck' on input line 2
85.
)
\Hy@SectionHShift=\skip57
)
(/usr/local/Cellar/texlive/20250308_2/share/texmf-dist/tex/latex/bookmark/bookm
ark.sty
Package: bookmark 2023-12-10 v1.31 PDF bookmarks (HO)

(/usr/local/Cellar/texlive/20250308_2/share/texmf-dist/tex/latex/bookmark/bkm-p
dftex.def
File: bkm-pdftex.def 2023-12-10 v1.31 bookmark driver for pdfTeX and luaTeX (HO
)
\BKM@id=\count330
))
LaTeX Font Info:    Trying to load font information for T1+lmr on input line 26
.

(/usr/local/Cellar/texlive/20250308_2/share/texmf-dist/tex/latex/lm/t1lmr.fd
File: t1lmr.fd 2015/05/01 v1.6.1 Font defs for Latin Modern
)
(/usr/local/Cellar/texlive/20250308_2/share/texmf-dist/tex/latex/l3backend/l3ba
ckend-pdftex.def
File: l3backend-pdftex.def 2024-05-08 L3 backend support: PDF output (pdfTeX)
\l__color_backend_stack_int=\count331
\l__pdf_internal_box=\box66
) (./thesis.aux)
\openout1 = `thesis.aux'.

LaTeX Font Info:    Checking defaults for OML/cmm/m/it on input line 26.
LaTeX Font Info:    ... okay on input line 26.
LaTeX Font Info:    Checking defaults for OMS/cmsy/m/n on input line 26.
LaTeX Font Info:    ... okay on input line 26.
LaTeX Font Info:    Checking defaults for OT1/cmr/m/n on input line 26.
LaTeX Font Info:    ... okay on input line 26.
LaTeX Font Info:    Checking defaults for T1/cmr/m/n on input line 26.
LaTeX Font Info:    ... okay on input line 26.
LaTeX Font Info:    Checking defaults for TS1/cmr/m/n on input line 26.
LaTeX Font Info:    ... okay on input line 26.
LaTeX Font Info:    Checking defaults for OMX/cmex/m/n on input line 26.
LaTeX Font Info:    ... okay on input line 26.
LaTeX Font Info:    Checking defaults for U/cmr/m/n on input line 26.
LaTeX Font Info:    ... okay on input line 26.
LaTeX Font Info:    Checking defaults for PD1/pdf/m/n on input line 26.
LaTeX Font Info:    ... okay on input line 26.
LaTeX Font Info:    Checking defaults for PU/pdf/m/n on input line 26.
LaTeX Font Info:    ... okay on input line 26.
LaTeX Info: Redefining \microtypecontext on input line 26.
Package microtype Info: Applying patch `item' on input line 26.
Package microtype Info: Applying patch `toc' on input line 26.
Package microtype Info: Applying patch `eqnum' on input line 26.
Package microtype Info: Applying patch `footnote' on input line 26.
Package microtype Info: Applying patch `verbatim' on input line 26.
LaTeX Info: Redefining \microtypesetup on input line 26.
Package microtype Info: Generating PDF output.
Package microtype Info: Character protrusion enabled (level 2).
Package microtype Info: Using default protrusion set `alltext'.
Package microtype Info: Automatic font expansion enabled (level 2),
(microtype)             stretch: 20, shrink: 20, step: 1, non-selected.
Package microtype Info: Using default expansion set `alltext-nott'.
LaTeX Info: Redefining \showhyphens on input line 26.
Package microtype Info: No adjustment of tracking.
Package microtype Info: No adjustment of interword spacing.
Package microtype Info: No adjustment of character kerning.

(/usr/local/Cellar/texlive/20250308_2/share/texmf-dist/tex/latex/microtype/mt-c
mr.cfg
File: mt-cmr.cfg 2013/05/19 v2.2 microtype config. file: Computer Modern Roman 
(RS)
)
*geometry* driver: auto-detecting
*geometry* detected driver: pdftex
*geometry* verbose mode - [ preamble ] result:
* driver: pdftex
* paper: a4paper
* layout: <same size as paper>
* layoutoffset:(h,v)=(0.0pt,0.0pt)
* modes: 
* h-part:(L,W,R)=(71.13188pt, 455.24411pt, 71.13188pt)
* v-part:(T,H,B)=(71.13188pt, 702.78308pt, 71.13188pt)
* \paperwidth=597.50787pt
* \paperheight=845.04684pt
* \textwidth=455.24411pt
* \textheight=702.78308pt
* \oddsidemargin=-1.1381pt
* \evensidemargin=-1.1381pt
* \topmargin=-38.1381pt
* \headheight=12.0pt
* \headsep=25.0pt
* \topskip=11.0pt
* \footskip=30.0pt
* \marginparwidth=50.0pt
* \marginparsep=10.0pt
* \columnsep=10.0pt
* \skip\footins=10.0pt plus 4.0pt minus 2.0pt
* \hoffset=0.0pt
* \voffset=0.0pt
* \mag=1000
* \@twocolumnfalse
* \@twosidefalse
* \@mparswitchfalse
* \@reversemarginfalse
* (1in=72.27pt=25.4mm, 1cm=28.453pt)


(/usr/local/Cellar/texlive/20250308_2/share/texmf-dist/tex/context/base/mkii/su
pp-pdf.mkii
[Loading MPS to PDF converter (version 2006.09.02).]
\scratchcounter=\count332
\scratchdimen=\dimen297
\scratchbox=\box67
\nofMPsegments=\count333
\nofMParguments=\count334
\everyMPshowfont=\toks40
\MPscratchCnt=\count335
\MPscratchDim=\dimen298
\MPnumerator=\count336
\makeMPintoPDFobject=\count337
\everyMPtoPDFconversion=\toks41
)
(/usr/local/Cellar/texlive/20250308_2/share/texmf-dist/tex/latex/epstopdf-pkg/e
pstopdf-base.sty
Package: epstopdf-base 2020-01-24 v2.11 Base part for package epstopdf
Package epstopdf-base Info: Redefining graphics rule for `.eps' on input line 4
85.

(/usr/local/Cellar/texlive/20250308_2/share/texmf-dist/tex/latex/latexconfig/ep
stopdf-sys.cfg
File: epstopdf-sys.cfg 2010/07/13 v1.3 Configuration of (r)epstopdf for TeX Liv
e
))
Package caption Info: Begin \AtBeginDocument code.
Package caption Info: hyperref package is loaded.
Package caption Info: End \AtBeginDocument code.
Package hyperref Info: Link coloring OFF on input line 26.
LaTeX Font Info:    Trying to load font information for OT1+lmr on input line 3
3.

(/usr/local/Cellar/texlive/20250308_2/share/texmf-dist/tex/latex/lm/ot1lmr.fd
File: ot1lmr.fd 2015/05/01 v1.6.1 Font defs for Latin Modern
)
LaTeX Font Info:    Trying to load font information for OML+lmm on input line 3
3.

(/usr/local/Cellar/texlive/20250308_2/share/texmf-dist/tex/latex/lm/omllmm.fd
File: omllmm.fd 2015/05/01 v1.6.1 Font defs for Latin Modern
)
LaTeX Font Info:    Trying to load font information for OMS+lmsy on input line 
33.

(/usr/local/Cellar/texlive/20250308_2/share/texmf-dist/tex/latex/lm/omslmsy.fd
File: omslmsy.fd 2015/05/01 v1.6.1 Font defs for Latin Modern
)
LaTeX Font Info:    Trying to load font information for OMX+lmex on input line 
33.
(/usr/local/Cellar/texlive/20250308_2/share/texmf-dist/tex/latex/lm/omxlmex.fd
File: omxlmex.fd 2015/05/01 v1.6.1 Font defs for Latin Modern
)
LaTeX Font Info:    External font `lmex10' loaded for size
(Font)              <12> on input line 33.
LaTeX Font Info:    External font `lmex10' loaded for size
(Font)              <8> on input line 33.
LaTeX Font Info:    External font `lmex10' loaded for size
(Font)              <6> on input line 33.
LaTeX Font Info:    Trying to load font information for U+msa on input line 33.


(/usr/local/Cellar/texlive/20250308_2/share/texmf-dist/tex/latex/amsfonts/umsa.
fd
File: umsa.fd 2013/01/14 v3.01 AMS symbols A
)
(/usr/local/Cellar/texlive/20250308_2/share/texmf-dist/tex/latex/microtype/mt-m
sa.cfg
File: mt-msa.cfg 2006/02/04 v1.1 microtype config. file: AMS symbols (a) (RS)
)
LaTeX Font Info:    Trying to load font information for U+msb on input line 33.


(/usr/local/Cellar/texlive/20250308_2/share/texmf-dist/tex/latex/amsfonts/umsb.
fd
File: umsb.fd 2013/01/14 v3.01 AMS symbols B
)
(/usr/local/Cellar/texlive/20250308_2/share/texmf-dist/tex/latex/microtype/mt-m
sb.cfg
File: mt-msb.cfg 2005/06/01 v1.0 microtype config. file: AMS symbols (b) (RS)
)

[1

{/usr/local/Cellar/texlive/20250308_2/share/texmf-dist/fonts/map/pdftex/updmap/
pdftex.map}{/usr/local/Cellar/texlive/20250308_2/share/texmf-dist/fonts/enc/dvi
ps/lm/lm-ec.enc}]


pdfTeX warning (ext4): destination with the same identifier (name{page.1}) has 
been already used, duplicate ignored
<to be read again> 
                   \relax 
l.38 \chapter
             *{Abstract} [1

]

[2

]

[3

] (./thesis.toc
LaTeX Font Info:    External font `lmex10' loaded for size
(Font)              <10.95> on input line 6.


[4

])
\tf@toc=\write4
\openout4 = `thesis.toc'.



[5] (./thesis.lof
Overfull \hbox (8.45638pt too wide) in paragraph at lines 6--6
 [][] [][]\T1/lmr/m/n/10.95 (-20) Macro-level ex-po-sure in-equal-ity and cov-e
r-age across bench-marks (in-clud-ing Takealot). 
 []

)
\tf@lof=\write5
\openout5 = `thesis.lof'.



[6

{/usr/local/Cellar/texlive/20250308_2/share/texmf-dist/fonts/enc/dvips/lm/lm-rm
.enc}{/usr/local/Cellar/texlive/20250308_2/share/texmf-dist/fonts/enc/dvips/lm/
lm-mathsy.enc}] (./thesis.lot)
\tf@lot=\write6
\openout6 = `thesis.lot'.



[7

]

[8

]
Chapter 1.


[9

]
LaTeX Font Info:    Trying to load font information for TS1+lmr on input line 9
5.

(/usr/local/Cellar/texlive/20250308_2/share/texmf-dist/tex/latex/lm/ts1lmr.fd
File: ts1lmr.fd 2015/05/01 v1.6.1 Font defs for Latin Modern
)

[10{/usr/local/Cellar/texlive/20250308_2/share/texmf-dist/fonts/enc/dvips/lm/lm
-mathit.enc}{/usr/local/Cellar/texlive/20250308_2/share/texmf-dist/fonts/enc/dv
ips/lm/lm-ts1.enc}]

[11]
Chapter 2.


[12

]

[13]
Chapter 3.


[14

]
LaTeX Font Info:    Trying to load font information for T1+lmtt on input line 2
41.

(/usr/local/Cellar/texlive/20250308_2/share/texmf-dist/tex/latex/lm/t1lmtt.fd
File: t1lmtt.fd 2015/05/01 v1.6.1 Font defs for Latin Modern
)
Package microtype Info: Loading generic protrusion settings for font family
(microtype)             `lmtt' (encoding: T1).
(microtype)             For optimal results, create family-specific settings.
(microtype)             See the microtype manual for details.


[15{/usr/local/Cellar/texlive/20250308_2/share/texmf-dist/fonts/enc/dvips/lm/lm
-mathex.enc}]

[16]

[17]
Chapter 4.
<outputs/figures/combined_macro_gini_heatmap.png, id=390, 660.4675pt x 350.5095
pt>
File: outputs/figures/combined_macro_gini_heatmap.png Graphic file (type png)
<use outputs/figures/combined_macro_gini_heatmap.png>
Package pdftex.def Info: outputs/figures/combined_macro_gini_heatmap.png  used 
on input line 321.
(pdftex.def)             Requested size: 218.51521pt x 115.968pt.
LaTeX Font Info:    External font `lmex10' loaded for size
(Font)              <10> on input line 322.
LaTeX Font Info:    External font `lmex10' loaded for size
(Font)              <7> on input line 322.
LaTeX Font Info:    External font `lmex10' loaded for size
(Font)              <5> on input line 322.
<outputs/figures/combined_macro_catalog_coverage_heatmap.png, id=392, 660.4675p
t x 350.5095pt>
File: outputs/figures/combined_macro_catalog_coverage_heatmap.png Graphic file 
(type png)
<use outputs/figures/combined_macro_catalog_coverage_heatmap.png>
Package pdftex.def Info: outputs/figures/combined_macro_catalog_coverage_heatma
p.png  used on input line 327.
(pdftex.def)             Requested size: 218.51521pt x 115.968pt.


[18

 <./outputs/figures/combined_macro_gini_heatmap.png> <./outputs/figures/combine
d_macro_catalog_coverage_heatmap.png>]

[19]
Chapter 5.
<outputs/figures/combined_fairness_gap_delta_rmse.png, id=406, 855.5965pt x 422
.7795pt>
File: outputs/figures/combined_fairness_gap_delta_rmse.png Graphic file (type p
ng)
<use outputs/figures/combined_fairness_gap_delta_rmse.png>
Package pdftex.def Info: outputs/figures/combined_fairness_gap_delta_rmse.png  
used on input line 386.
(pdftex.def)             Requested size: 418.82375pt x 206.95087pt.
<outputs/figures/combined_rmse_niche_vs_mainstream.png, id=407, 844.3545pt x 59
1.811pt>
File: outputs/figures/combined_rmse_niche_vs_mainstream.png Graphic file (type 
png)
<use outputs/figures/combined_rmse_niche_vs_mainstream.png>
Package pdftex.def Info: outputs/figures/combined_rmse_niche_vs_mainstream.png 
 used on input line 393.
(pdftex.def)             Requested size: 418.82375pt x 293.5569pt.


[20

]

[21 <./outputs/figures/combined_fairness_gap_delta_rmse.png> <./outputs/figures
/combined_rmse_niche_vs_mainstream.png>]

[22]
Chapter 6.
<outputs/figures/combined_feedback_diversity_decay.png, id=425, 855.5965pt x 42
2.7795pt>
File: outputs/figures/combined_feedback_diversity_decay.png Graphic file (type 
png)
<use outputs/figures/combined_feedback_diversity_decay.png>
Package pdftex.def Info: outputs/figures/combined_feedback_diversity_decay.png 
 used on input line 434.
(pdftex.def)             Requested size: 418.82375pt x 206.95087pt.


[23

]

[24 <./outputs/figures/combined_feedback_diversity_decay.png>]
Chapter 7.


[25

]
Chapter 8.
(./thesis.bbl

[26

])

[27

]
Appendix A.


[28

]
Appendix B.


[29

]
Appendix C.


[30

] (./thesis.aux)
 ***********
LaTeX2e <2024-11-01> patch level 2
L3 programming layer <2025-01-18>
 ***********
 ) 
Here is how much of TeX's memory you used:
 26280 strings out of 473190
 489248 string characters out of 5705898
 886218 words of memory out of 5000000
 48683 multiletter control sequences out of 15000+600000
 671681 words of font info for 239 fonts, out of 8000000 for 9000
 1141 hyphenation exceptions out of 8191
 84i,10n,91p,1003b,795s stack positions out of 10000i,1000n,20000p,200000b,200000s
</usr/local/Cellar/texlive/20250308_2/share/texmf-dist/fonts/type1/public/lm/
lmbx10.pfb></usr/local/Cellar/texlive/20250308_2/share/texmf-dist/fonts/type1/p
ublic/lm/lmbx12.pfb></usr/local/Cellar/texlive/20250308_2/share/texmf-dist/font
s/type1/public/lm/lmex10.pfb></usr/local/Cellar/texlive/20250308_2/share/texmf-
dist/fonts/type1/public/lm/lmmi10.pfb></usr/local/Cellar/texlive/20250308_2/sha
re/texmf-dist/fonts/type1/public/lm/lmmi6.pfb></usr/local/Cellar/texlive/202503
08_2/share/texmf-dist/fonts/type1/public/lm/lmmi8.pfb></usr/local/Cellar/texliv
e/20250308_2/share/texmf-dist/fonts/type1/public/lm/lmmib10.pfb></usr/local/Cel
lar/texlive/20250308_2/share/texmf-dist/fonts/type1/public/lm/lmr10.pfb></usr/l
ocal/Cellar/texlive/20250308_2/share/texmf-dist/fonts/type1/public/lm/lmr12.pfb
></usr/local/Cellar/texlive/20250308_2/share/texmf-dist/fonts/type1/public/lm/l
mr17.pfb></usr/local/Cellar/texlive/20250308_2/share/texmf-dist/fonts/type1/pub
lic/lm/lmr8.pfb></usr/local/Cellar/texlive/20250308_2/share/texmf-dist/fonts/ty
pe1/public/lm/lmri10.pfb></usr/local/Cellar/texlive/20250308_2/share/texmf-dist
/fonts/type1/public/lm/lmsy10.pfb></usr/local/Cellar/texlive/20250308_2/share/t
exmf-dist/fonts/type1/public/lm/lmsy8.pfb></usr/local/Cellar/texlive/20250308_2
/share/texmf-dist/fonts/type1/public/lm/lmtt10.pfb></usr/local/Cellar/texlive/2
0250308_2/share/texmf-dist/fonts/type1/public/amsfonts/symbols/msbm10.pfb>
Output written on thesis.pdf (31 pages, 805044 bytes).
PDF statistics:
 800 PDF objects out of 1000 (max. 8388607)
 714 compressed objects within 8 object streams
 151 named destinations out of 1000 (max. 500000)
 62566 words of extra memory for PDF output out of 74296 (max. 10000000)

